0000              1   ;--------------------------------------------------------
0000              2   ; File Created by C51
0000              3   ; Version 1.0.0 #1170 (Feb 16 2022) (MSVC)
0000              4   ; This file was generated Wed Mar 22 13:18:04 2023
0000              5   ;--------------------------------------------------------
                  5   $name PeriodEFM8
                  6   $optc51 --model-small
                  7   $printf_float
0000              9            R_DSEG    segment data
0000             10            R_CSEG    segment code
0000             11            R_BSEG    segment bit
0000             12            R_XSEG    segment xdata
0000             13            R_PSEG    segment xdata
0000             14            R_ISEG    segment idata
0000             15            R_OSEG    segment data overlay
0000             16            BIT_BANK  segment data overlay
0000             17            R_HOME    segment code
0000             18            R_GSINIT  segment code
0000             19            R_IXSEG   segment xdata
0000             20            R_CONST   segment code
0000             21            R_XINIT   segment code
0000             22            R_DINIT   segment code
0000             23   
0000             24   ;--------------------------------------------------------
0000             25   ; Public variables in this module
0000             26   ;--------------------------------------------------------
0000             27            public _main
0000             28            public _getsn
0000             29            public _LCDprint
0000             30            public _LCD_4BIT
0000             31            public _WriteCommand
0000             32            public _WriteData
0000             33            public _LCD_byte
0000             34            public _LCD_pulse
0000             35            public _TIMER0_Init
0000             36            public _waitms
0000             37            public _Timer3us
0000             38            public __c51_external_startup
0000             39            public _LCDprint_PARM_3
0000             40            public _getsn_PARM_2
0000             41            public _LCDprint_PARM_2
0000             42            public _overflow_count
0000             43   ;--------------------------------------------------------
0000             44   ; Special Function Registers
0000             45   ;--------------------------------------------------------
0000             46   _ACC            DATA 0xe0
0000             47   _ADC0ASAH       DATA 0xb6
0000             48   _ADC0ASAL       DATA 0xb5
0000             49   _ADC0ASCF       DATA 0xa1
0000             50   _ADC0ASCT       DATA 0xc7
0000             51   _ADC0CF0        DATA 0xbc
0000             52   _ADC0CF1        DATA 0xb9
0000             53   _ADC0CF2        DATA 0xdf
0000             54   _ADC0CN0        DATA 0xe8
0000             55   _ADC0CN1        DATA 0xb2
0000             56   _ADC0CN2        DATA 0xb3
0000             57   _ADC0GTH        DATA 0xc4
0000             58   _ADC0GTL        DATA 0xc3
0000             59   _ADC0H          DATA 0xbe
0000             60   _ADC0L          DATA 0xbd
0000             61   _ADC0LTH        DATA 0xc6
0000             62   _ADC0LTL        DATA 0xc5
0000             63   _ADC0MX         DATA 0xbb
0000             64   _B              DATA 0xf0
0000             65   _CKCON0         DATA 0x8e
0000             66   _CKCON1         DATA 0xa6
0000             67   _CLEN0          DATA 0xc6
0000             68   _CLIE0          DATA 0xc7
0000             69   _CLIF0          DATA 0xe8
0000             70   _CLKSEL         DATA 0xa9
0000             71   _CLOUT0         DATA 0xd1
0000             72   _CLU0CF         DATA 0xb1
0000             73   _CLU0FN         DATA 0xaf
0000             74   _CLU0MX         DATA 0x84
0000             75   _CLU1CF         DATA 0xb3
0000             76   _CLU1FN         DATA 0xb2
0000             77   _CLU1MX         DATA 0x85
0000             78   _CLU2CF         DATA 0xb6
0000             79   _CLU2FN         DATA 0xb5
0000             80   _CLU2MX         DATA 0x91
0000             81   _CLU3CF         DATA 0xbf
0000             82   _CLU3FN         DATA 0xbe
0000             83   _CLU3MX         DATA 0xae
0000             84   _CMP0CN0        DATA 0x9b
0000             85   _CMP0CN1        DATA 0x99
0000             86   _CMP0MD         DATA 0x9d
0000             87   _CMP0MX         DATA 0x9f
0000             88   _CMP1CN0        DATA 0xbf
0000             89   _CMP1CN1        DATA 0xac
0000             90   _CMP1MD         DATA 0xab
0000             91   _CMP1MX         DATA 0xaa
0000             92   _CRC0CN0        DATA 0xce
0000             93   _CRC0CN1        DATA 0x86
0000             94   _CRC0CNT        DATA 0xd3
0000             95   _CRC0DAT        DATA 0xcb
0000             96   _CRC0FLIP       DATA 0xcf
0000             97   _CRC0IN         DATA 0xca
0000             98   _CRC0ST         DATA 0xd2
0000             99   _DAC0CF0        DATA 0x91
0000            100   _DAC0CF1        DATA 0x92
0000            101   _DAC0H          DATA 0x85
0000            102   _DAC0L          DATA 0x84
0000            103   _DAC1CF0        DATA 0x93
0000            104   _DAC1CF1        DATA 0x94
0000            105   _DAC1H          DATA 0x8a
0000            106   _DAC1L          DATA 0x89
0000            107   _DAC2CF0        DATA 0x95
0000            108   _DAC2CF1        DATA 0x96
0000            109   _DAC2H          DATA 0x8c
0000            110   _DAC2L          DATA 0x8b
0000            111   _DAC3CF0        DATA 0x9a
0000            112   _DAC3CF1        DATA 0x9c
0000            113   _DAC3H          DATA 0x8e
0000            114   _DAC3L          DATA 0x8d
0000            115   _DACGCF0        DATA 0x88
0000            116   _DACGCF1        DATA 0x98
0000            117   _DACGCF2        DATA 0xa2
0000            118   _DERIVID        DATA 0xad
0000            119   _DEVICEID       DATA 0xb5
0000            120   _DPH            DATA 0x83
0000            121   _DPL            DATA 0x82
0000            122   _EIE1           DATA 0xe6
0000            123   _EIE2           DATA 0xf3
0000            124   _EIP1           DATA 0xbb
0000            125   _EIP1H          DATA 0xee
0000            126   _EIP2           DATA 0xed
0000            127   _EIP2H          DATA 0xf6
0000            128   _EMI0CN         DATA 0xe7
0000            129   _FLKEY          DATA 0xb7
0000            130   _HFO0CAL        DATA 0xc7
0000            131   _HFO1CAL        DATA 0xd6
0000            132   _HFOCN          DATA 0xef
0000            133   _I2C0ADM        DATA 0xff
0000            134   _I2C0CN0        DATA 0xba
0000            135   _I2C0DIN        DATA 0xbc
0000            136   _I2C0DOUT       DATA 0xbb
0000            137   _I2C0FCN0       DATA 0xad
0000            138   _I2C0FCN1       DATA 0xab
0000            139   _I2C0FCT        DATA 0xf5
0000            140   _I2C0SLAD       DATA 0xbd
0000            141   _I2C0STAT       DATA 0xb9
0000            142   _IE             DATA 0xa8
0000            143   _IP             DATA 0xb8
0000            144   _IPH            DATA 0xf2
0000            145   _IT01CF         DATA 0xe4
0000            146   _LFO0CN         DATA 0xb1
0000            147   _P0             DATA 0x80
0000            148   _P0MASK         DATA 0xfe
0000            149   _P0MAT          DATA 0xfd
0000            150   _P0MDIN         DATA 0xf1
0000            151   _P0MDOUT        DATA 0xa4
0000            152   _P0SKIP         DATA 0xd4
0000            153   _P1             DATA 0x90
0000            154   _P1MASK         DATA 0xee
0000            155   _P1MAT          DATA 0xed
0000            156   _P1MDIN         DATA 0xf2
0000            157   _P1MDOUT        DATA 0xa5
0000            158   _P1SKIP         DATA 0xd5
0000            159   _P2             DATA 0xa0
0000            160   _P2MASK         DATA 0xfc
0000            161   _P2MAT          DATA 0xfb
0000            162   _P2MDIN         DATA 0xf3
0000            163   _P2MDOUT        DATA 0xa6
0000            164   _P2SKIP         DATA 0xcc
0000            165   _P3             DATA 0xb0
0000            166   _P3MDIN         DATA 0xf4
0000            167   _P3MDOUT        DATA 0x9c
0000            168   _PCA0CENT       DATA 0x9e
0000            169   _PCA0CLR        DATA 0x9c
0000            170   _PCA0CN0        DATA 0xd8
0000            171   _PCA0CPH0       DATA 0xfc
0000            172   _PCA0CPH1       DATA 0xea
0000            173   _PCA0CPH2       DATA 0xec
0000            174   _PCA0CPH3       DATA 0xf5
0000            175   _PCA0CPH4       DATA 0x85
0000            176   _PCA0CPH5       DATA 0xde
0000            177   _PCA0CPL0       DATA 0xfb
0000            178   _PCA0CPL1       DATA 0xe9
0000            179   _PCA0CPL2       DATA 0xeb
0000            180   _PCA0CPL3       DATA 0xf4
0000            181   _PCA0CPL4       DATA 0x84
0000            182   _PCA0CPL5       DATA 0xdd
0000            183   _PCA0CPM0       DATA 0xda
0000            184   _PCA0CPM1       DATA 0xdb
0000            185   _PCA0CPM2       DATA 0xdc
0000            186   _PCA0CPM3       DATA 0xae
0000            187   _PCA0CPM4       DATA 0xaf
0000            188   _PCA0CPM5       DATA 0xcc
0000            189   _PCA0H          DATA 0xfa
0000            190   _PCA0L          DATA 0xf9
0000            191   _PCA0MD         DATA 0xd9
0000            192   _PCA0POL        DATA 0x96
0000            193   _PCA0PWM        DATA 0xf7
0000            194   _PCON0          DATA 0x87
0000            195   _PCON1          DATA 0xcd
0000            196   _PFE0CN         DATA 0xc1
0000            197   _PRTDRV         DATA 0xf6
0000            198   _PSCTL          DATA 0x8f
0000            199   _PSTAT0         DATA 0xaa
0000            200   _PSW            DATA 0xd0
0000            201   _REF0CN         DATA 0xd1
0000            202   _REG0CN         DATA 0xc9
0000            203   _REVID          DATA 0xb6
0000            204   _RSTSRC         DATA 0xef
0000            205   _SBCON1         DATA 0x94
0000            206   _SBRLH1         DATA 0x96
0000            207   _SBRLL1         DATA 0x95
0000            208   _SBUF           DATA 0x99
0000            209   _SBUF0          DATA 0x99
0000            210   _SBUF1          DATA 0x92
0000            211   _SCON           DATA 0x98
0000            212   _SCON0          DATA 0x98
0000            213   _SCON1          DATA 0xc8
0000            214   _SFRPAGE        DATA 0xa7
0000            215   _SFRPGCN        DATA 0xbc
0000            216   _SFRSTACK       DATA 0xd7
0000            217   _SMB0ADM        DATA 0xd6
0000            218   _SMB0ADR        DATA 0xd7
0000            219   _SMB0CF         DATA 0xc1
0000            220   _SMB0CN0        DATA 0xc0
0000            221   _SMB0DAT        DATA 0xc2
0000            222   _SMB0FCN0       DATA 0xc3
0000            223   _SMB0FCN1       DATA 0xc4
0000            224   _SMB0FCT        DATA 0xef
0000            225   _SMB0RXLN       DATA 0xc5
0000            226   _SMB0TC         DATA 0xac
0000            227   _SMOD1          DATA 0x93
0000            228   _SP             DATA 0x81
0000            229   _SPI0CFG        DATA 0xa1
0000            230   _SPI0CKR        DATA 0xa2
0000            231   _SPI0CN0        DATA 0xf8
0000            232   _SPI0DAT        DATA 0xa3
0000            233   _SPI0FCN0       DATA 0x9a
0000            234   _SPI0FCN1       DATA 0x9b
0000            235   _SPI0FCT        DATA 0xf7
0000            236   _SPI0PCF        DATA 0xdf
0000            237   _TCON           DATA 0x88
0000            238   _TH0            DATA 0x8c
0000            239   _TH1            DATA 0x8d
0000            240   _TL0            DATA 0x8a
0000            241   _TL1            DATA 0x8b
0000            242   _TMOD           DATA 0x89
0000            243   _TMR2CN0        DATA 0xc8
0000            244   _TMR2CN1        DATA 0xfd
0000            245   _TMR2H          DATA 0xcf
0000            246   _TMR2L          DATA 0xce
0000            247   _TMR2RLH        DATA 0xcb
0000            248   _TMR2RLL        DATA 0xca
0000            249   _TMR3CN0        DATA 0x91
0000            250   _TMR3CN1        DATA 0xfe
0000            251   _TMR3H          DATA 0x95
0000            252   _TMR3L          DATA 0x94
0000            253   _TMR3RLH        DATA 0x93
0000            254   _TMR3RLL        DATA 0x92
0000            255   _TMR4CN0        DATA 0x98
0000            256   _TMR4CN1        DATA 0xff
0000            257   _TMR4H          DATA 0xa5
0000            258   _TMR4L          DATA 0xa4
0000            259   _TMR4RLH        DATA 0xa3
0000            260   _TMR4RLL        DATA 0xa2
0000            261   _TMR5CN0        DATA 0xc0
0000            262   _TMR5CN1        DATA 0xf1
0000            263   _TMR5H          DATA 0xd5
0000            264   _TMR5L          DATA 0xd4
0000            265   _TMR5RLH        DATA 0xd3
0000            266   _TMR5RLL        DATA 0xd2
0000            267   _UART0PCF       DATA 0xd9
0000            268   _UART1FCN0      DATA 0x9d
0000            269   _UART1FCN1      DATA 0xd8
0000            270   _UART1FCT       DATA 0xfa
0000            271   _UART1LIN       DATA 0x9e
0000            272   _UART1PCF       DATA 0xda
0000            273   _VDM0CN         DATA 0xff
0000            274   _WDTCN          DATA 0x97
0000            275   _XBR0           DATA 0xe1
0000            276   _XBR1           DATA 0xe2
0000            277   _XBR2           DATA 0xe3
0000            278   _XOSC0CN        DATA 0x86
0000            279   _DPTR           DATA 0x8382
0000            280   _TMR2RL         DATA 0xcbca
0000            281   _TMR3RL         DATA 0x9392
0000            282   _TMR4RL         DATA 0xa3a2
0000            283   _TMR5RL         DATA 0xd3d2
0000            284   _TMR0           DATA 0x8c8a
0000            285   _TMR1           DATA 0x8d8b
0000            286   _TMR2           DATA 0xcfce
0000            287   _TMR3           DATA 0x9594
0000            288   _TMR4           DATA 0xa5a4
0000            289   _TMR5           DATA 0xd5d4
0000            290   _SBRL1          DATA 0x9695
0000            291   _PCA0           DATA 0xfaf9
0000            292   _PCA0CP0        DATA 0xfcfb
0000            293   _PCA0CP1        DATA 0xeae9
0000            294   _PCA0CP2        DATA 0xeceb
0000            295   _PCA0CP3        DATA 0xf5f4
0000            296   _PCA0CP4        DATA 0x8584
0000            297   _PCA0CP5        DATA 0xdedd
0000            298   _ADC0ASA        DATA 0xb6b5
0000            299   _ADC0GT         DATA 0xc4c3
0000            300   _ADC0           DATA 0xbebd
0000            301   _ADC0LT         DATA 0xc6c5
0000            302   _DAC0           DATA 0x8584
0000            303   _DAC1           DATA 0x8a89
0000            304   _DAC2           DATA 0x8c8b
0000            305   _DAC3           DATA 0x8e8d
0000            306   ;--------------------------------------------------------
0000            307   ; special function bits
0000            308   ;--------------------------------------------------------
0000            309   _ACC_0          BIT 0xe0
0000            310   _ACC_1          BIT 0xe1
0000            311   _ACC_2          BIT 0xe2
0000            312   _ACC_3          BIT 0xe3
0000            313   _ACC_4          BIT 0xe4
0000            314   _ACC_5          BIT 0xe5
0000            315   _ACC_6          BIT 0xe6
0000            316   _ACC_7          BIT 0xe7
0000            317   _TEMPE          BIT 0xe8
0000            318   _ADGN0          BIT 0xe9
0000            319   _ADGN1          BIT 0xea
0000            320   _ADWINT         BIT 0xeb
0000            321   _ADBUSY         BIT 0xec
0000            322   _ADINT          BIT 0xed
0000            323   _IPOEN          BIT 0xee
0000            324   _ADEN           BIT 0xef
0000            325   _B_0            BIT 0xf0
0000            326   _B_1            BIT 0xf1
0000            327   _B_2            BIT 0xf2
0000            328   _B_3            BIT 0xf3
0000            329   _B_4            BIT 0xf4
0000            330   _B_5            BIT 0xf5
0000            331   _B_6            BIT 0xf6
0000            332   _B_7            BIT 0xf7
0000            333   _C0FIF          BIT 0xe8
0000            334   _C0RIF          BIT 0xe9
0000            335   _C1FIF          BIT 0xea
0000            336   _C1RIF          BIT 0xeb
0000            337   _C2FIF          BIT 0xec
0000            338   _C2RIF          BIT 0xed
0000            339   _C3FIF          BIT 0xee
0000            340   _C3RIF          BIT 0xef
0000            341   _D1SRC0         BIT 0x88
0000            342   _D1SRC1         BIT 0x89
0000            343   _D1AMEN         BIT 0x8a
0000            344   _D01REFSL       BIT 0x8b
0000            345   _D3SRC0         BIT 0x8c
0000            346   _D3SRC1         BIT 0x8d
0000            347   _D3AMEN         BIT 0x8e
0000            348   _D23REFSL       BIT 0x8f
0000            349   _D0UDIS         BIT 0x98
0000            350   _D1UDIS         BIT 0x99
0000            351   _D2UDIS         BIT 0x9a
0000            352   _D3UDIS         BIT 0x9b
0000            353   _EX0            BIT 0xa8
0000            354   _ET0            BIT 0xa9
0000            355   _EX1            BIT 0xaa
0000            356   _ET1            BIT 0xab
0000            357   _ES0            BIT 0xac
0000            358   _ET2            BIT 0xad
0000            359   _ESPI0          BIT 0xae
0000            360   _EA             BIT 0xaf
0000            361   _PX0            BIT 0xb8
0000            362   _PT0            BIT 0xb9
0000            363   _PX1            BIT 0xba
0000            364   _PT1            BIT 0xbb
0000            365   _PS0            BIT 0xbc
0000            366   _PT2            BIT 0xbd
0000            367   _PSPI0          BIT 0xbe
0000            368   _P0_0           BIT 0x80
0000            369   _P0_1           BIT 0x81
0000            370   _P0_2           BIT 0x82
0000            371   _P0_3           BIT 0x83
0000            372   _P0_4           BIT 0x84
0000            373   _P0_5           BIT 0x85
0000            374   _P0_6           BIT 0x86
0000            375   _P0_7           BIT 0x87
0000            376   _P1_0           BIT 0x90
0000            377   _P1_1           BIT 0x91
0000            378   _P1_2           BIT 0x92
0000            379   _P1_3           BIT 0x93
0000            380   _P1_4           BIT 0x94
0000            381   _P1_5           BIT 0x95
0000            382   _P1_6           BIT 0x96
0000            383   _P1_7           BIT 0x97
0000            384   _P2_0           BIT 0xa0
0000            385   _P2_1           BIT 0xa1
0000            386   _P2_2           BIT 0xa2
0000            387   _P2_3           BIT 0xa3
0000            388   _P2_4           BIT 0xa4
0000            389   _P2_5           BIT 0xa5
0000            390   _P2_6           BIT 0xa6
0000            391   _P3_0           BIT 0xb0
0000            392   _P3_1           BIT 0xb1
0000            393   _P3_2           BIT 0xb2
0000            394   _P3_3           BIT 0xb3
0000            395   _P3_4           BIT 0xb4
0000            396   _P3_7           BIT 0xb7
0000            397   _CCF0           BIT 0xd8
0000            398   _CCF1           BIT 0xd9
0000            399   _CCF2           BIT 0xda
0000            400   _CCF3           BIT 0xdb
0000            401   _CCF4           BIT 0xdc
0000            402   _CCF5           BIT 0xdd
0000            403   _CR             BIT 0xde
0000            404   _CF             BIT 0xdf
0000            405   _PARITY         BIT 0xd0
0000            406   _F1             BIT 0xd1
0000            407   _OV             BIT 0xd2
0000            408   _RS0            BIT 0xd3
0000            409   _RS1            BIT 0xd4
0000            410   _F0             BIT 0xd5
0000            411   _AC             BIT 0xd6
0000            412   _CY             BIT 0xd7
0000            413   _RI             BIT 0x98
0000            414   _TI             BIT 0x99
0000            415   _RB8            BIT 0x9a
0000            416   _TB8            BIT 0x9b
0000            417   _REN            BIT 0x9c
0000            418   _CE             BIT 0x9d
0000            419   _SMODE          BIT 0x9e
0000            420   _RI1            BIT 0xc8
0000            421   _TI1            BIT 0xc9
0000            422   _RBX1           BIT 0xca
0000            423   _TBX1           BIT 0xcb
0000            424   _REN1           BIT 0xcc
0000            425   _PERR1          BIT 0xcd
0000            426   _OVR1           BIT 0xce
0000            427   _SI             BIT 0xc0
0000            428   _ACK            BIT 0xc1
0000            429   _ARBLOST        BIT 0xc2
0000            430   _ACKRQ          BIT 0xc3
0000            431   _STO            BIT 0xc4
0000            432   _STA            BIT 0xc5
0000            433   _TXMODE         BIT 0xc6
0000            434   _MASTER         BIT 0xc7
0000            435   _SPIEN          BIT 0xf8
0000            436   _TXNF           BIT 0xf9
0000            437   _NSSMD0         BIT 0xfa
0000            438   _NSSMD1         BIT 0xfb
0000            439   _RXOVRN         BIT 0xfc
0000            440   _MODF           BIT 0xfd
0000            441   _WCOL           BIT 0xfe
0000            442   _SPIF           BIT 0xff
0000            443   _IT0            BIT 0x88
0000            444   _IE0            BIT 0x89
0000            445   _IT1            BIT 0x8a
0000            446   _IE1            BIT 0x8b
0000            447   _TR0            BIT 0x8c
0000            448   _TF0            BIT 0x8d
0000            449   _TR1            BIT 0x8e
0000            450   _TF1            BIT 0x8f
0000            451   _T2XCLK0        BIT 0xc8
0000            452   _T2XCLK1        BIT 0xc9
0000            453   _TR2            BIT 0xca
0000            454   _T2SPLIT        BIT 0xcb
0000            455   _TF2CEN         BIT 0xcc
0000            456   _TF2LEN         BIT 0xcd
0000            457   _TF2L           BIT 0xce
0000            458   _TF2H           BIT 0xcf
0000            459   _T4XCLK0        BIT 0x98
0000            460   _T4XCLK1        BIT 0x99
0000            461   _TR4            BIT 0x9a
0000            462   _T4SPLIT        BIT 0x9b
0000            463   _TF4CEN         BIT 0x9c
0000            464   _TF4LEN         BIT 0x9d
0000            465   _TF4L           BIT 0x9e
0000            466   _TF4H           BIT 0x9f
0000            467   _T5XCLK0        BIT 0xc0
0000            468   _T5XCLK1        BIT 0xc1
0000            469   _TR5            BIT 0xc2
0000            470   _T5SPLIT        BIT 0xc3
0000            471   _TF5CEN         BIT 0xc4
0000            472   _TF5LEN         BIT 0xc5
0000            473   _TF5L           BIT 0xc6
0000            474   _TF5H           BIT 0xc7
0000            475   _RIE            BIT 0xd8
0000            476   _RXTO0          BIT 0xd9
0000            477   _RXTO1          BIT 0xda
0000            478   _RFRQ           BIT 0xdb
0000            479   _TIE            BIT 0xdc
0000            480   _TXHOLD         BIT 0xdd
0000            481   _TXNF1          BIT 0xde
0000            482   _TFRQ           BIT 0xdf
0000            483   ;--------------------------------------------------------
0000            484   ; overlayable register banks
0000            485   ;--------------------------------------------------------
0000            486            rbank0 segment data overlay
0000            487   ;--------------------------------------------------------
0000            488   ; internal ram data
0000            489   ;--------------------------------------------------------
0000            490            rseg R_DSEG
0000            491   _overflow_count:
0000            492            ds 1
0001            493   _LCDprint_PARM_2:
0001            494            ds 1
0002            495   _getsn_PARM_2:
0002            496            ds 2
0004            497   _getsn_buff_1_45:
0004            498            ds 3
0007            499   _getsn_sloc0_1_0:
0007            500            ds 2
0009            501   _main_buff_1_51:
0009            502            ds 17
001A            503   ;--------------------------------------------------------
001A            504   ; overlayable items in internal ram 
001A            505   ;--------------------------------------------------------
0000            506            rseg    R_OSEG
0000            507   ;--------------------------------------------------------
0000            508   ; indirectly addressable internal ram data
0000            509   ;--------------------------------------------------------
0000            510            rseg R_ISEG
0000            511   ;--------------------------------------------------------
0000            512   ; absolute internal ram data
0000            513   ;--------------------------------------------------------
0000            514            DSEG
0000            515   ;--------------------------------------------------------
0000            516   ; bit data
0000            517   ;--------------------------------------------------------
0000            518            rseg R_BSEG
0000            519   _LCDprint_PARM_3:
0000            520            DBIT    1
0001            521   ;--------------------------------------------------------
0001            522   ; paged external ram data
0001            523   ;--------------------------------------------------------
0000            524            rseg R_PSEG
0000            525   ;--------------------------------------------------------
0000            526   ; external ram data
0000            527   ;--------------------------------------------------------
0000            528            rseg R_XSEG
0000            529   ;--------------------------------------------------------
0000            530   ; absolute external ram data
0000            531   ;--------------------------------------------------------
0000            532            XSEG
0000            533   ;--------------------------------------------------------
0000            534   ; external initialized ram data
0000            535   ;--------------------------------------------------------
0000            536            rseg R_IXSEG
0000            537            rseg R_HOME
0000            538            rseg R_GSINIT
0000            539            rseg R_CSEG
0000            540   ;--------------------------------------------------------
0000            541   ; Reset entry point and interrupt vectors
0000            542   ;--------------------------------------------------------
0000            543            CSEG at 0x0000
0000 020000     544            ljmp    _crt0
0003            545   ;--------------------------------------------------------
0003            546   ; global & static initialisations
0003            547   ;--------------------------------------------------------
0000            548            rseg R_HOME
0000            549            rseg R_GSINIT
0000            550            rseg R_GSINIT
0000            551   ;--------------------------------------------------------
0000            552   ; data variables initialization
0000            553   ;--------------------------------------------------------
0000            554            rseg R_DINIT
0000            555            ; The linker places a 'ret' at the end of segment R_DINIT.
0000            556   ;--------------------------------------------------------
0000            557   ; code
0000            558   ;--------------------------------------------------------
0000            559            rseg R_CSEG
0000            560   ;------------------------------------------------------------
0000            561   ;Allocation info for local variables in function '_c51_external_startup'
0000            562   ;------------------------------------------------------------
0000            563   ;------------------------------------------------------------
0000            564   ;        C:\Users\241pr\OneDrive - UBC\Desktop\Apps\UBC\ELEC 291\Lab 5\Period\PeriodEFM8.c:25: char _c51_external_startup (void)
0000            565   ;        -----------------------------------------
0000            566   ;         function _c51_external_startup
0000            567   ;        -----------------------------------------
0000            568   __c51_external_startup:
0000            569            using   0
0000            570   ;        C:\Users\241pr\OneDrive - UBC\Desktop\Apps\UBC\ELEC 291\Lab 5\Period\PeriodEFM8.c:28: SFRPAGE = 0x00;
0000 75A700     571            mov     _SFRPAGE,#0x00
0003            572   ;        C:\Users\241pr\OneDrive - UBC\Desktop\Apps\UBC\ELEC 291\Lab 5\Period\PeriodEFM8.c:29: WDTCN = 0xDE; //First key
0003 7597DE     573            mov     _WDTCN,#0xDE
0006            574   ;        C:\Users\241pr\OneDrive - UBC\Desktop\Apps\UBC\ELEC 291\Lab 5\Period\PeriodEFM8.c:30: WDTCN = 0xAD; //Second key
0006 7597AD     575            mov     _WDTCN,#0xAD
0009            576   ;        C:\Users\241pr\OneDrive - UBC\Desktop\Apps\UBC\ELEC 291\Lab 5\Period\PeriodEFM8.c:32: VDM0CN |= 0x80;
0009 43FF80     577            orl     _VDM0CN,#0x80
000C            578   ;        C:\Users\241pr\OneDrive - UBC\Desktop\Apps\UBC\ELEC 291\Lab 5\Period\PeriodEFM8.c:33: RSTSRC = 0x02;
000C 75EF02     579            mov     _RSTSRC,#0x02
000F            580   ;        C:\Users\241pr\OneDrive - UBC\Desktop\Apps\UBC\ELEC 291\Lab 5\Period\PeriodEFM8.c:40: SFRPAGE = 0x10;
000F 75A710     581            mov     _SFRPAGE,#0x10
0012            582   ;        C:\Users\241pr\OneDrive - UBC\Desktop\Apps\UBC\ELEC 291\Lab 5\Period\PeriodEFM8.c:41: PFE0CN  = 0x20; // SYSCLK < 75 MHz.
0012 75C120     583            mov     _PFE0CN,#0x20
0015            584   ;        C:\Users\241pr\OneDrive - UBC\Desktop\Apps\UBC\ELEC 291\Lab 5\Period\PeriodEFM8.c:42: SFRPAGE = 0x00;
0015 75A700     585            mov     _SFRPAGE,#0x00
0018            586   ;        C:\Users\241pr\OneDrive - UBC\Desktop\Apps\UBC\ELEC 291\Lab 5\Period\PeriodEFM8.c:63: CLKSEL = 0x00;
0018 75A900     587            mov     _CLKSEL,#0x00
001B            588   ;        C:\Users\241pr\OneDrive - UBC\Desktop\Apps\UBC\ELEC 291\Lab 5\Period\PeriodEFM8.c:64: CLKSEL = 0x00;
001B 75A900     589            mov     _CLKSEL,#0x00
001E            590   ;        C:\Users\241pr\OneDrive - UBC\Desktop\Apps\UBC\ELEC 291\Lab 5\Period\PeriodEFM8.c:65: while ((CLKSEL & 0x80) == 0);
001E            591   L002001?:
001E E5A9       592            mov     a,_CLKSEL
0020 30E708     593            jnb     acc.7,L002001?
0023            594   ;        C:\Users\241pr\OneDrive - UBC\Desktop\Apps\UBC\ELEC 291\Lab 5\Period\PeriodEFM8.c:66: CLKSEL = 0x03;
0023 75A903     595            mov     _CLKSEL,#0x03
0026            596   ;        C:\Users\241pr\OneDrive - UBC\Desktop\Apps\UBC\ELEC 291\Lab 5\Period\PeriodEFM8.c:67: CLKSEL = 0x03;
0026 75A903     597            mov     _CLKSEL,#0x03
0029            598   ;        C:\Users\241pr\OneDrive - UBC\Desktop\Apps\UBC\ELEC 291\Lab 5\Period\PeriodEFM8.c:68: while ((CLKSEL & 0x80) == 0);
0029            599   L002004?:
0029 E5A9       600            mov     a,_CLKSEL
002B 30E788     601            jnb     acc.7,L002004?
002E            602   ;        C:\Users\241pr\OneDrive - UBC\Desktop\Apps\UBC\ELEC 291\Lab 5\Period\PeriodEFM8.c:73: P0MDOUT |= 0x10; // Enable UART0 TX as push-pull output
002E 43A410     603            orl     _P0MDOUT,#0x10
0031            604   ;        C:\Users\241pr\OneDrive - UBC\Desktop\Apps\UBC\ELEC 291\Lab 5\Period\PeriodEFM8.c:74: XBR0     = 0x01; // Enable UART0 on P0.4(TX) and P0.5(RX)                     
0031 75E101     605            mov     _XBR0,#0x01
0034            606   ;        C:\Users\241pr\OneDrive - UBC\Desktop\Apps\UBC\ELEC 291\Lab 5\Period\PeriodEFM8.c:75: XBR1     = 0X00;
0034 75E200     607            mov     _XBR1,#0x00
0037            608   ;        C:\Users\241pr\OneDrive - UBC\Desktop\Apps\UBC\ELEC 291\Lab 5\Period\PeriodEFM8.c:76: XBR2     = 0x40; // Enable crossbar and weak pull-ups
0037 75E340     609            mov     _XBR2,#0x40
003A            610   ;        C:\Users\241pr\OneDrive - UBC\Desktop\Apps\UBC\ELEC 291\Lab 5\Period\PeriodEFM8.c:82: SCON0 = 0x10;
003A 759810     611            mov     _SCON0,#0x10
003D            612   ;        C:\Users\241pr\OneDrive - UBC\Desktop\Apps\UBC\ELEC 291\Lab 5\Period\PeriodEFM8.c:83: CKCON0 |= 0b_0000_0000 ; // Timer 1 uses the system clock divided by 12.
003D 858E8E     613            mov     _CKCON0,_CKCON0
0040            614   ;        C:\Users\241pr\OneDrive - UBC\Desktop\Apps\UBC\ELEC 291\Lab 5\Period\PeriodEFM8.c:84: TH1 = 0x100-((SYSCLK/BAUDRATE)/(2L*12L));
0040 758DE6     615            mov     _TH1,#0xE6
0043            616   ;        C:\Users\241pr\OneDrive - UBC\Desktop\Apps\UBC\ELEC 291\Lab 5\Period\PeriodEFM8.c:85: TL1 = TH1;      // Init Timer1
0043 858D8B     617            mov     _TL1,_TH1
0046            618   ;        C:\Users\241pr\OneDrive - UBC\Desktop\Apps\UBC\ELEC 291\Lab 5\Period\PeriodEFM8.c:86: TMOD &= ~0xf0;  // TMOD: timer 1 in 8-bit auto-reload
0046 53890F     619            anl     _TMOD,#0x0F
0049            620   ;        C:\Users\241pr\OneDrive - UBC\Desktop\Apps\UBC\ELEC 291\Lab 5\Period\PeriodEFM8.c:87: TMOD |=  0x20;                       
0049 438920     621            orl     _TMOD,#0x20
004C            622   ;        C:\Users\241pr\OneDrive - UBC\Desktop\Apps\UBC\ELEC 291\Lab 5\Period\PeriodEFM8.c:88: TR1 = 1; // START Timer1
004C D28E       623            setb    _TR1
004E            624   ;        C:\Users\241pr\OneDrive - UBC\Desktop\Apps\UBC\ELEC 291\Lab 5\Period\PeriodEFM8.c:89: TI = 1;  // Indicate TX0 ready
004E D299       625            setb    _TI
0050            626   ;        C:\Users\241pr\OneDrive - UBC\Desktop\Apps\UBC\ELEC 291\Lab 5\Period\PeriodEFM8.c:91: return 0;
0050 758200     627            mov     dpl,#0x00
0053 22         628            ret
0054            629   ;------------------------------------------------------------
0054            630   ;Allocation info for local variables in function 'Timer3us'
0054            631   ;------------------------------------------------------------
0054            632   ;us                        Allocated to registers r2 
0054            633   ;i                         Allocated to registers r3 
0054            634   ;------------------------------------------------------------
0054            635   ;        C:\Users\241pr\OneDrive - UBC\Desktop\Apps\UBC\ELEC 291\Lab 5\Period\PeriodEFM8.c:95: void Timer3us(unsigned char us)
0054            636   ;        -----------------------------------------
0054            637   ;         function Timer3us
0054            638   ;        -----------------------------------------
0054            639   _Timer3us:
0054 AA82       640            mov     r2,dpl
0056            641   ;        C:\Users\241pr\OneDrive - UBC\Desktop\Apps\UBC\ELEC 291\Lab 5\Period\PeriodEFM8.c:100: CKCON0|=0b_0100_0000;
0056 438E40     642            orl     _CKCON0,#0x40
0059            643   ;        C:\Users\241pr\OneDrive - UBC\Desktop\Apps\UBC\ELEC 291\Lab 5\Period\PeriodEFM8.c:102: TMR3RL = (-(SYSCLK)/1000000L); // Set Timer3 to overflow in 1us.
0059 7592B8     644            mov     _TMR3RL,#0xB8
005C 7593FF     645            mov     (_TMR3RL >> 8),#0xFF
005F            646   ;        C:\Users\241pr\OneDrive - UBC\Desktop\Apps\UBC\ELEC 291\Lab 5\Period\PeriodEFM8.c:103: TMR3 = TMR3RL;                 // Initialize Timer3 for first overflow
005F 859294     647            mov     _TMR3,_TMR3RL
0062 859395     648            mov     (_TMR3 >> 8),(_TMR3RL >> 8)
0065            649   ;        C:\Users\241pr\OneDrive - UBC\Desktop\Apps\UBC\ELEC 291\Lab 5\Period\PeriodEFM8.c:105: TMR3CN0 = 0x04;                 // Sart Timer3 and clear overflow flag
0065 759104     650            mov     _TMR3CN0,#0x04
0068            651   ;        C:\Users\241pr\OneDrive - UBC\Desktop\Apps\UBC\ELEC 291\Lab 5\Period\PeriodEFM8.c:106: for (i = 0; i < us; i++)       // Count <us> overflows
0068 7B00       652            mov     r3,#0x00
006A            653   L003004?:
006A C3         654            clr     c
006B EB         655            mov     a,r3
006C 9A         656            subb    a,r2
006D 5000       657            jnc     L003007?
006F            658   ;        C:\Users\241pr\OneDrive - UBC\Desktop\Apps\UBC\ELEC 291\Lab 5\Period\PeriodEFM8.c:108: while (!(TMR3CN0 & 0x80));  // Wait for overflow
006F            659   L003001?:
006F E591       660            mov     a,_TMR3CN0
0071 30E788     661            jnb     acc.7,L003001?
0074            662   ;        C:\Users\241pr\OneDrive - UBC\Desktop\Apps\UBC\ELEC 291\Lab 5\Period\PeriodEFM8.c:109: TMR3CN0 &= ~(0x80);         // Clear overflow indicator
0074 53917F     663            anl     _TMR3CN0,#0x7F
0077            664   ;        C:\Users\241pr\OneDrive - UBC\Desktop\Apps\UBC\ELEC 291\Lab 5\Period\PeriodEFM8.c:106: for (i = 0; i < us; i++)       // Count <us> overflows
0077 0B         665            inc     r3
0078 8000       666            sjmp    L003004?
007A            667   L003007?:
007A            668   ;        C:\Users\241pr\OneDrive - UBC\Desktop\Apps\UBC\ELEC 291\Lab 5\Period\PeriodEFM8.c:111: TMR3CN0 = 0 ;                   // Stop Timer3 and clear overflow flag
007A 759100     669            mov     _TMR3CN0,#0x00
007D 22         670            ret
007E            671   ;------------------------------------------------------------
007E            672   ;Allocation info for local variables in function 'waitms'
007E            673   ;------------------------------------------------------------
007E            674   ;ms                        Allocated to registers r2 r3 
007E            675   ;j                         Allocated to registers r2 r3 
007E            676   ;------------------------------------------------------------
007E            677   ;        C:\Users\241pr\OneDrive - UBC\Desktop\Apps\UBC\ELEC 291\Lab 5\Period\PeriodEFM8.c:114: void waitms (unsigned int ms)
007E            678   ;        -----------------------------------------
007E            679   ;         function waitms
007E            680   ;        -----------------------------------------
007E            681   _waitms:
007E AA82       682            mov     r2,dpl
0080 AB83       683            mov     r3,dph
0082            684   ;        C:\Users\241pr\OneDrive - UBC\Desktop\Apps\UBC\ELEC 291\Lab 5\Period\PeriodEFM8.c:117: for(j=ms; j!=0; j--)
0082            685   L004001?:
0082 BA0048     686            cjne    r2,#0x00,L004010?
0085 BB0048     687            cjne    r3,#0x00,L004010?
0088 22         688            ret
0089            689   L004010?:
0089            690   ;        C:\Users\241pr\OneDrive - UBC\Desktop\Apps\UBC\ELEC 291\Lab 5\Period\PeriodEFM8.c:119: Timer3us(249);
0089 7582F9     691            mov     dpl,#0xF9
008C C002       692            push    ar2
008E C003       693            push    ar3
0090 120000     694            lcall   _Timer3us
0093            695   ;        C:\Users\241pr\OneDrive - UBC\Desktop\Apps\UBC\ELEC 291\Lab 5\Period\PeriodEFM8.c:120: Timer3us(249);
0093 7582F9     696            mov     dpl,#0xF9
0096 120000     697            lcall   _Timer3us
0099            698   ;        C:\Users\241pr\OneDrive - UBC\Desktop\Apps\UBC\ELEC 291\Lab 5\Period\PeriodEFM8.c:121: Timer3us(249);
0099 7582F9     699            mov     dpl,#0xF9
009C 120000     700            lcall   _Timer3us
009F            701   ;        C:\Users\241pr\OneDrive - UBC\Desktop\Apps\UBC\ELEC 291\Lab 5\Period\PeriodEFM8.c:122: Timer3us(250);
009F 7582FA     702            mov     dpl,#0xFA
00A2 120000     703            lcall   _Timer3us
00A5 D003       704            pop     ar3
00A7 D002       705            pop     ar2
00A9            706   ;        C:\Users\241pr\OneDrive - UBC\Desktop\Apps\UBC\ELEC 291\Lab 5\Period\PeriodEFM8.c:117: for(j=ms; j!=0; j--)
00A9 1A         707            dec     r2
00AA BAFF88     708            cjne    r2,#0xff,L004011?
00AD 1B         709            dec     r3
00AE            710   L004011?:
00AE 8000       711            sjmp    L004001?
00B0            712   ;------------------------------------------------------------
00B0            713   ;Allocation info for local variables in function 'TIMER0_Init'
00B0            714   ;------------------------------------------------------------
00B0            715   ;------------------------------------------------------------
00B0            716   ;        C:\Users\241pr\OneDrive - UBC\Desktop\Apps\UBC\ELEC 291\Lab 5\Period\PeriodEFM8.c:126: void TIMER0_Init(void)
00B0            717   ;        -----------------------------------------
00B0            718   ;         function TIMER0_Init
00B0            719   ;        -----------------------------------------
00B0            720   _TIMER0_Init:
00B0            721   ;        C:\Users\241pr\OneDrive - UBC\Desktop\Apps\UBC\ELEC 291\Lab 5\Period\PeriodEFM8.c:128: TMOD&=0b_1111_0000; // Set the bits of Timer/Counter 0 to zero
00B0 5389F0     722            anl     _TMOD,#0xF0
00B3            723   ;        C:\Users\241pr\OneDrive - UBC\Desktop\Apps\UBC\ELEC 291\Lab 5\Period\PeriodEFM8.c:129: TMOD|=0b_0000_0001; // Timer/Counter 0 used as a 16-bit timer
00B3 438901     724            orl     _TMOD,#0x01
00B6            725   ;        C:\Users\241pr\OneDrive - UBC\Desktop\Apps\UBC\ELEC 291\Lab 5\Period\PeriodEFM8.c:130: TR0=0; // Stop Timer/Counter 0
00B6 C28C       726            clr     _TR0
00B8 22         727            ret
00B9            728   ;------------------------------------------------------------
00B9            729   ;Allocation info for local variables in function 'LCD_pulse'
00B9            730   ;------------------------------------------------------------
00B9            731   ;------------------------------------------------------------
00B9            732   ;        C:\Users\241pr\OneDrive - UBC\Desktop\Apps\UBC\ELEC 291\Lab 5\Period\PeriodEFM8.c:133: void LCD_pulse(void)
00B9            733   ;        -----------------------------------------
00B9            734   ;         function LCD_pulse
00B9            735   ;        -----------------------------------------
00B9            736   _LCD_pulse:
00B9            737   ;        C:\Users\241pr\OneDrive - UBC\Desktop\Apps\UBC\ELEC 291\Lab 5\Period\PeriodEFM8.c:135: LCD_E = 1;
00B9 D2A5       738            setb    _P2_5
00BB            739   ;        C:\Users\241pr\OneDrive - UBC\Desktop\Apps\UBC\ELEC 291\Lab 5\Period\PeriodEFM8.c:136: Timer3us(40);
00BB 758228     740            mov     dpl,#0x28
00BE 120000     741            lcall   _Timer3us
00C1            742   ;        C:\Users\241pr\OneDrive - UBC\Desktop\Apps\UBC\ELEC 291\Lab 5\Period\PeriodEFM8.c:137: LCD_E = 0;
00C1 C2A5       743            clr     _P2_5
00C3 22         744            ret
00C4            745   ;------------------------------------------------------------
00C4            746   ;Allocation info for local variables in function 'LCD_byte'
00C4            747   ;------------------------------------------------------------
00C4            748   ;x                         Allocated to registers r2 
00C4            749   ;------------------------------------------------------------
00C4            750   ;        C:\Users\241pr\OneDrive - UBC\Desktop\Apps\UBC\ELEC 291\Lab 5\Period\PeriodEFM8.c:140: void LCD_byte(unsigned char x)
00C4            751   ;        -----------------------------------------
00C4            752   ;         function LCD_byte
00C4            753   ;        -----------------------------------------
00C4            754   _LCD_byte:
00C4 AA82       755            mov     r2,dpl
00C6            756   ;        C:\Users\241pr\OneDrive - UBC\Desktop\Apps\UBC\ELEC 291\Lab 5\Period\PeriodEFM8.c:143: ACC = x; //Send high nible
00C6 8AE0       757            mov     _ACC,r2
00C8            758   ;        C:\Users\241pr\OneDrive - UBC\Desktop\Apps\UBC\ELEC 291\Lab 5\Period\PeriodEFM8.c:144: LCD_D7 = ACC_7;
00C8 A2E7       759            mov     c,_ACC_7
00CA 92A1       760            mov     _P2_1,c
00CC            761   ;        C:\Users\241pr\OneDrive - UBC\Desktop\Apps\UBC\ELEC 291\Lab 5\Period\PeriodEFM8.c:145: LCD_D6 = ACC_6;
00CC A2E6       762            mov     c,_ACC_6
00CE 92A2       763            mov     _P2_2,c
00D0            764   ;        C:\Users\241pr\OneDrive - UBC\Desktop\Apps\UBC\ELEC 291\Lab 5\Period\PeriodEFM8.c:146: LCD_D5 = ACC_5;
00D0 A2E5       765            mov     c,_ACC_5
00D2 92A3       766            mov     _P2_3,c
00D4            767   ;        C:\Users\241pr\OneDrive - UBC\Desktop\Apps\UBC\ELEC 291\Lab 5\Period\PeriodEFM8.c:147: LCD_D4 = ACC_4;
00D4 A2E4       768            mov     c,_ACC_4
00D6 92A4       769            mov     _P2_4,c
00D8            770   ;        C:\Users\241pr\OneDrive - UBC\Desktop\Apps\UBC\ELEC 291\Lab 5\Period\PeriodEFM8.c:148: LCD_pulse();
00D8 C002       771            push    ar2
00DA 120000     772            lcall   _LCD_pulse
00DD            773   ;        C:\Users\241pr\OneDrive - UBC\Desktop\Apps\UBC\ELEC 291\Lab 5\Period\PeriodEFM8.c:149: Timer3us(40);
00DD 758228     774            mov     dpl,#0x28
00E0 120000     775            lcall   _Timer3us
00E3 D002       776            pop     ar2
00E5            777   ;        C:\Users\241pr\OneDrive - UBC\Desktop\Apps\UBC\ELEC 291\Lab 5\Period\PeriodEFM8.c:150: ACC = x; //Send low nible
00E5 8AE0       778            mov     _ACC,r2
00E7            779   ;        C:\Users\241pr\OneDrive - UBC\Desktop\Apps\UBC\ELEC 291\Lab 5\Period\PeriodEFM8.c:151: LCD_D7 = ACC_3;
00E7 A2E3       780            mov     c,_ACC_3
00E9 92A1       781            mov     _P2_1,c
00EB            782   ;        C:\Users\241pr\OneDrive - UBC\Desktop\Apps\UBC\ELEC 291\Lab 5\Period\PeriodEFM8.c:152: LCD_D6 = ACC_2;
00EB A2E2       783            mov     c,_ACC_2
00ED 92A2       784            mov     _P2_2,c
00EF            785   ;        C:\Users\241pr\OneDrive - UBC\Desktop\Apps\UBC\ELEC 291\Lab 5\Period\PeriodEFM8.c:153: LCD_D5 = ACC_1;
00EF A2E1       786            mov     c,_ACC_1
00F1 92A3       787            mov     _P2_3,c
00F3            788   ;        C:\Users\241pr\OneDrive - UBC\Desktop\Apps\UBC\ELEC 291\Lab 5\Period\PeriodEFM8.c:154: LCD_D4 = ACC_0;
00F3 A2E0       789            mov     c,_ACC_0
00F5 92A4       790            mov     _P2_4,c
00F7            791   ;        C:\Users\241pr\OneDrive - UBC\Desktop\Apps\UBC\ELEC 291\Lab 5\Period\PeriodEFM8.c:155: LCD_pulse();
00F7 020000     792            ljmp    _LCD_pulse
00FA            793   ;------------------------------------------------------------
00FA            794   ;Allocation info for local variables in function 'WriteData'
00FA            795   ;------------------------------------------------------------
00FA            796   ;x                         Allocated to registers r2 
00FA            797   ;------------------------------------------------------------
00FA            798   ;        C:\Users\241pr\OneDrive - UBC\Desktop\Apps\UBC\ELEC 291\Lab 5\Period\PeriodEFM8.c:158: void WriteData(unsigned char x)
00FA            799   ;        -----------------------------------------
00FA            800   ;         function WriteData
00FA            801   ;        -----------------------------------------
00FA            802   _WriteData:
00FA AA82       803            mov     r2,dpl
00FC            804   ;        C:\Users\241pr\OneDrive - UBC\Desktop\Apps\UBC\ELEC 291\Lab 5\Period\PeriodEFM8.c:160: LCD_RS = 1;
00FC D2A6       805            setb    _P2_6
00FE            806   ;        C:\Users\241pr\OneDrive - UBC\Desktop\Apps\UBC\ELEC 291\Lab 5\Period\PeriodEFM8.c:161: LCD_byte(x);
00FE 8A82       807            mov     dpl,r2
0100 120000     808            lcall   _LCD_byte
0103            809   ;        C:\Users\241pr\OneDrive - UBC\Desktop\Apps\UBC\ELEC 291\Lab 5\Period\PeriodEFM8.c:162: waitms(2);
0103 900002     810            mov     dptr,#0x0002
0106 020000     811            ljmp    _waitms
0109            812   ;------------------------------------------------------------
0109            813   ;Allocation info for local variables in function 'WriteCommand'
0109            814   ;------------------------------------------------------------
0109            815   ;x                         Allocated to registers r2 
0109            816   ;------------------------------------------------------------
0109            817   ;        C:\Users\241pr\OneDrive - UBC\Desktop\Apps\UBC\ELEC 291\Lab 5\Period\PeriodEFM8.c:165: void WriteCommand(unsigned char x)
0109            818   ;        -----------------------------------------
0109            819   ;         function WriteCommand
0109            820   ;        -----------------------------------------
0109            821   _WriteCommand:
0109 AA82       822            mov     r2,dpl
010B            823   ;        C:\Users\241pr\OneDrive - UBC\Desktop\Apps\UBC\ELEC 291\Lab 5\Period\PeriodEFM8.c:167: LCD_RS = 0;
010B C2A6       824            clr     _P2_6
010D            825   ;        C:\Users\241pr\OneDrive - UBC\Desktop\Apps\UBC\ELEC 291\Lab 5\Period\PeriodEFM8.c:168: LCD_byte(x);
010D 8A82       826            mov     dpl,r2
010F 120000     827            lcall   _LCD_byte
0112            828   ;        C:\Users\241pr\OneDrive - UBC\Desktop\Apps\UBC\ELEC 291\Lab 5\Period\PeriodEFM8.c:169: waitms(5);
0112 900005     829            mov     dptr,#0x0005
0115 020000     830            ljmp    _waitms
0118            831   ;------------------------------------------------------------
0118            832   ;Allocation info for local variables in function 'LCD_4BIT'
0118            833   ;------------------------------------------------------------
0118            834   ;------------------------------------------------------------
0118            835   ;        C:\Users\241pr\OneDrive - UBC\Desktop\Apps\UBC\ELEC 291\Lab 5\Period\PeriodEFM8.c:172: void LCD_4BIT(void)
0118            836   ;        -----------------------------------------
0118            837   ;         function LCD_4BIT
0118            838   ;        -----------------------------------------
0118            839   _LCD_4BIT:
0118            840   ;        C:\Users\241pr\OneDrive - UBC\Desktop\Apps\UBC\ELEC 291\Lab 5\Period\PeriodEFM8.c:174: LCD_E = 0; // Resting state of LCD's enable is zero
0118 C2A5       841            clr     _P2_5
011A            842   ;        C:\Users\241pr\OneDrive - UBC\Desktop\Apps\UBC\ELEC 291\Lab 5\Period\PeriodEFM8.c:176: waitms(20);
011A 900014     843            mov     dptr,#0x0014
011D 120000     844            lcall   _waitms
0120            845   ;        C:\Users\241pr\OneDrive - UBC\Desktop\Apps\UBC\ELEC 291\Lab 5\Period\PeriodEFM8.c:178: WriteCommand(0x33);
0120 758233     846            mov     dpl,#0x33
0123 120000     847            lcall   _WriteCommand
0126            848   ;        C:\Users\241pr\OneDrive - UBC\Desktop\Apps\UBC\ELEC 291\Lab 5\Period\PeriodEFM8.c:179: WriteCommand(0x33);
0126 758233     849            mov     dpl,#0x33
0129 120000     850            lcall   _WriteCommand
012C            851   ;        C:\Users\241pr\OneDrive - UBC\Desktop\Apps\UBC\ELEC 291\Lab 5\Period\PeriodEFM8.c:180: WriteCommand(0x32); // Change to 4-bit mode
012C 758232     852            mov     dpl,#0x32
012F 120000     853            lcall   _WriteCommand
0132            854   ;        C:\Users\241pr\OneDrive - UBC\Desktop\Apps\UBC\ELEC 291\Lab 5\Period\PeriodEFM8.c:183: WriteCommand(0x28);
0132 758228     855            mov     dpl,#0x28
0135 120000     856            lcall   _WriteCommand
0138            857   ;        C:\Users\241pr\OneDrive - UBC\Desktop\Apps\UBC\ELEC 291\Lab 5\Period\PeriodEFM8.c:184: WriteCommand(0x0c);
0138 75820C     858            mov     dpl,#0x0C
013B 120000     859            lcall   _WriteCommand
013E            860   ;        C:\Users\241pr\OneDrive - UBC\Desktop\Apps\UBC\ELEC 291\Lab 5\Period\PeriodEFM8.c:185: WriteCommand(0x01); // Clear screen command (takes some time)
013E 758201     861            mov     dpl,#0x01
0141 120000     862            lcall   _WriteCommand
0144            863   ;        C:\Users\241pr\OneDrive - UBC\Desktop\Apps\UBC\ELEC 291\Lab 5\Period\PeriodEFM8.c:186: waitms(20); // Wait for clear screen command to finsih.
0144 900014     864            mov     dptr,#0x0014
0147 020000     865            ljmp    _waitms
014A            866   ;------------------------------------------------------------
014A            867   ;Allocation info for local variables in function 'LCDprint'
014A            868   ;------------------------------------------------------------
014A            869   ;line                      Allocated with name '_LCDprint_PARM_2'
014A            870   ;string                    Allocated to registers r2 r3 r4 
014A            871   ;j                         Allocated to registers r5 r6 
014A            872   ;------------------------------------------------------------
014A            873   ;        C:\Users\241pr\OneDrive - UBC\Desktop\Apps\UBC\ELEC 291\Lab 5\Period\PeriodEFM8.c:189: void LCDprint(char* string, unsigned char line, bit clear)
014A            874   ;        -----------------------------------------
014A            875   ;         function LCDprint
014A            876   ;        -----------------------------------------
014A            877   _LCDprint:
014A AA82       878            mov     r2,dpl
014C AB83       879            mov     r3,dph
014E ACF0       880            mov     r4,b
0150            881   ;        C:\Users\241pr\OneDrive - UBC\Desktop\Apps\UBC\ELEC 291\Lab 5\Period\PeriodEFM8.c:193: WriteCommand(line == 2 ? 0xc0 : 0x80);
0150 7402       882            mov     a,#0x02
0152 B5A008     883            cjne    a,_LCDprint_PARM_2,L011013?
0155 7DC0       884            mov     r5,#0xC0
0157 8000       885            sjmp    L011014?
0159            886   L011013?:
0159 7D80       887            mov     r5,#0x80
015B            888   L011014?:
015B 8D82       889            mov     dpl,r5
015D C002       890            push    ar2
015F C003       891            push    ar3
0161 C004       892            push    ar4
0163 120000     893            lcall   _WriteCommand
0166            894   ;        C:\Users\241pr\OneDrive - UBC\Desktop\Apps\UBC\ELEC 291\Lab 5\Period\PeriodEFM8.c:194: waitms(5);
0166 900005     895            mov     dptr,#0x0005
0169 120000     896            lcall   _waitms
016C D004       897            pop     ar4
016E D003       898            pop     ar3
0170 D002       899            pop     ar2
0172            900   ;        C:\Users\241pr\OneDrive - UBC\Desktop\Apps\UBC\ELEC 291\Lab 5\Period\PeriodEFM8.c:195: for (j = 0; string[j] != 0; j++)         WriteData(string[j]);// Write the message
0172 7D00       901            mov     r5,#0x00
0174 7E00       902            mov     r6,#0x00
0176            903   L011003?:
0176 ED         904            mov     a,r5
0177 2A         905            add     a,r2
0178 FF         906            mov     r7,a
0179 EE         907            mov     a,r6
017A 3B         908            addc    a,r3
017B F8         909            mov     r0,a
017C 8C01       910            mov     ar1,r4
017E 8F82       911            mov     dpl,r7
0180 8883       912            mov     dph,r0
0182 89F0       913            mov     b,r1
0184 120000     914            lcall   __gptrget
0187 FF         915            mov     r7,a
0188 6000       916            jz      L011006?
018A 8F82       917            mov     dpl,r7
018C C002       918            push    ar2
018E C003       919            push    ar3
0190 C004       920            push    ar4
0192 C005       921            push    ar5
0194 C006       922            push    ar6
0196 120000     923            lcall   _WriteData
0199 D006       924            pop     ar6
019B D005       925            pop     ar5
019D D004       926            pop     ar4
019F D003       927            pop     ar3
01A1 D002       928            pop     ar2
01A3 0D         929            inc     r5
01A4 BD0088     930            cjne    r5,#0x00,L011003?
01A7 0E         931            inc     r6
01A8 8000       932            sjmp    L011003?
01AA            933   L011006?:
01AA            934   ;        C:\Users\241pr\OneDrive - UBC\Desktop\Apps\UBC\ELEC 291\Lab 5\Period\PeriodEFM8.c:196: if (clear) for (; j < CHARS_PER_LINE; j++) WriteData(' '); // Clear the rest of the line
01AA 301048     935            jnb     _LCDprint_PARM_3,L011011?
01AD 8D02       936            mov     ar2,r5
01AF 8E03       937            mov     ar3,r6
01B1            938   L011007?:
01B1 C3         939            clr     c
01B2 EA         940            mov     a,r2
01B3 9410       941            subb    a,#0x10
01B5 EB         942            mov     a,r3
01B6 6480       943            xrl     a,#0x80
01B8 9480       944            subb    a,#0x80
01BA 5000       945            jnc     L011011?
01BC 758220     946            mov     dpl,#0x20
01BF C002       947            push    ar2
01C1 C003       948            push    ar3
01C3 120000     949            lcall   _WriteData
01C6 D003       950            pop     ar3
01C8 D002       951            pop     ar2
01CA 0A         952            inc     r2
01CB BA0088     953            cjne    r2,#0x00,L011007?
01CE 0B         954            inc     r3
01CF 8000       955            sjmp    L011007?
01D1            956   L011011?:
01D1 22         957            ret
01D2            958   ;------------------------------------------------------------
01D2            959   ;Allocation info for local variables in function 'getsn'
01D2            960   ;------------------------------------------------------------
01D2            961   ;len                       Allocated with name '_getsn_PARM_2'
01D2            962   ;buff                      Allocated with name '_getsn_buff_1_45'
01D2            963   ;j                         Allocated with name '_getsn_sloc0_1_0'
01D2            964   ;c                         Allocated to registers r3 
01D2            965   ;sloc0                     Allocated with name '_getsn_sloc0_1_0'
01D2            966   ;------------------------------------------------------------
01D2            967   ;        C:\Users\241pr\OneDrive - UBC\Desktop\Apps\UBC\ELEC 291\Lab 5\Period\PeriodEFM8.c:199: int getsn(char* buff, int len)
01D2            968   ;        -----------------------------------------
01D2            969   ;         function getsn
01D2            970   ;        -----------------------------------------
01D2            971   _getsn:
01D2 8582F8     972            mov     _getsn_buff_1_45,dpl
01D5 8583F9     973            mov     (_getsn_buff_1_45 + 1),dph
01D8 85F0FA     974            mov     (_getsn_buff_1_45 + 2),b
01DB            975   ;        C:\Users\241pr\OneDrive - UBC\Desktop\Apps\UBC\ELEC 291\Lab 5\Period\PeriodEFM8.c:204: for (j = 0; j < (len - 1); j++)
01DB E4         976            clr     a
01DC F548       977            mov     _getsn_sloc0_1_0,a
01DE F549       978            mov     (_getsn_sloc0_1_0 + 1),a
01E0 E550       979            mov     a,_getsn_PARM_2
01E2 24FF       980            add     a,#0xff
01E4 FF         981            mov     r7,a
01E5 E551       982            mov     a,(_getsn_PARM_2 + 1)
01E7 34FF       983            addc    a,#0xff
01E9 F8         984            mov     r0,a
01EA 7900       985            mov     r1,#0x00
01EC 7A00       986            mov     r2,#0x00
01EE            987   L012005?:
01EE C3         988            clr     c
01EF E9         989            mov     a,r1
01F0 9F         990            subb    a,r7
01F1 EA         991            mov     a,r2
01F2 6480       992            xrl     a,#0x80
01F4 88F0       993            mov     b,r0
01F6 63F080     994            xrl     b,#0x80
01F9 95F0       995            subb    a,b
01FB 5000       996            jnc     L012008?
01FD            997   ;        C:\Users\241pr\OneDrive - UBC\Desktop\Apps\UBC\ELEC 291\Lab 5\Period\PeriodEFM8.c:206: c = getchar();
01FD C002       998            push    ar2
01FF C007       999            push    ar7
0201 C000      1000            push    ar0
0203 C001      1001            push    ar1
0205 120000    1002            lcall   _getchar
0208 AB82      1003            mov     r3,dpl
020A D001      1004            pop     ar1
020C D000      1005            pop     ar0
020E D007      1006            pop     ar7
0210 D002      1007            pop     ar2
0212           1008   ;        C:\Users\241pr\OneDrive - UBC\Desktop\Apps\UBC\ELEC 291\Lab 5\Period\PeriodEFM8.c:207: if ((c == '\n') || (c == '\r'))
0212 BB0A88    1009            cjne    r3,#0x0A,L012015?
0215 8000      1010            sjmp    L012001?
0217           1011   L012015?:
0217 BB0D08    1012            cjne    r3,#0x0D,L012002?
021A           1013   L012001?:
021A           1014   ;        C:\Users\241pr\OneDrive - UBC\Desktop\Apps\UBC\ELEC 291\Lab 5\Period\PeriodEFM8.c:209: buff[j] = 0;
021A E548      1015            mov     a,_getsn_sloc0_1_0
021C 25F8      1016            add     a,_getsn_buff_1_45
021E FC        1017            mov     r4,a
021F E549      1018            mov     a,(_getsn_sloc0_1_0 + 1)
0221 35F9      1019            addc    a,(_getsn_buff_1_45 + 1)
0223 FD        1020            mov     r5,a
0224 AEFA      1021            mov     r6,(_getsn_buff_1_45 + 2)
0226 8C82      1022            mov     dpl,r4
0228 8D83      1023            mov     dph,r5
022A 8EF0      1024            mov     b,r6
022C E4        1025            clr     a
022D 120000    1026            lcall   __gptrput
0230           1027   ;        C:\Users\241pr\OneDrive - UBC\Desktop\Apps\UBC\ELEC 291\Lab 5\Period\PeriodEFM8.c:210: return j;
0230 854882    1028            mov     dpl,_getsn_sloc0_1_0
0233 854983    1029            mov     dph,(_getsn_sloc0_1_0 + 1)
0236 22        1030            ret
0237           1031   L012002?:
0237           1032   ;        C:\Users\241pr\OneDrive - UBC\Desktop\Apps\UBC\ELEC 291\Lab 5\Period\PeriodEFM8.c:214: buff[j] = c;
0237 E9        1033            mov     a,r1
0238 25F8      1034            add     a,_getsn_buff_1_45
023A FC        1035            mov     r4,a
023B EA        1036            mov     a,r2
023C 35F9      1037            addc    a,(_getsn_buff_1_45 + 1)
023E FD        1038            mov     r5,a
023F AEFA      1039            mov     r6,(_getsn_buff_1_45 + 2)
0241 8C82      1040            mov     dpl,r4
0243 8D83      1041            mov     dph,r5
0245 8EF0      1042            mov     b,r6
0247 EB        1043            mov     a,r3
0248 120000    1044            lcall   __gptrput
024B           1045   ;        C:\Users\241pr\OneDrive - UBC\Desktop\Apps\UBC\ELEC 291\Lab 5\Period\PeriodEFM8.c:204: for (j = 0; j < (len - 1); j++)
024B 09        1046            inc     r1
024C B90088    1047            cjne    r1,#0x00,L012018?
024F 0A        1048            inc     r2
0250           1049   L012018?:
0250 8948      1050            mov     _getsn_sloc0_1_0,r1
0252 8A49      1051            mov     (_getsn_sloc0_1_0 + 1),r2
0254 8000      1052            sjmp    L012005?
0256           1053   L012008?:
0256           1054   ;        C:\Users\241pr\OneDrive - UBC\Desktop\Apps\UBC\ELEC 291\Lab 5\Period\PeriodEFM8.c:217: buff[j] = 0;
0256 E548      1055            mov     a,_getsn_sloc0_1_0
0258 25F8      1056            add     a,_getsn_buff_1_45
025A FA        1057            mov     r2,a
025B E549      1058            mov     a,(_getsn_sloc0_1_0 + 1)
025D 35F9      1059            addc    a,(_getsn_buff_1_45 + 1)
025F FB        1060            mov     r3,a
0260 ACFA      1061            mov     r4,(_getsn_buff_1_45 + 2)
0262 8A82      1062            mov     dpl,r2
0264 8B83      1063            mov     dph,r3
0266 8CF0      1064            mov     b,r4
0268 E4        1065            clr     a
0269 120000    1066            lcall   __gptrput
026C           1067   ;        C:\Users\241pr\OneDrive - UBC\Desktop\Apps\UBC\ELEC 291\Lab 5\Period\PeriodEFM8.c:218: return len;
026C 855082    1068            mov     dpl,_getsn_PARM_2
026F 855183    1069            mov     dph,(_getsn_PARM_2 + 1)
0272 22        1070            ret
0273           1071   ;------------------------------------------------------------
0273           1072   ;Allocation info for local variables in function 'main'
0273           1073   ;------------------------------------------------------------
0273           1074   ;buff                      Allocated with name '_main_buff_1_51'
0273           1075   ;period                    Allocated to registers r2 r3 r4 r5 
0273           1076   ;------------------------------------------------------------
0273           1077   ;        C:\Users\241pr\OneDrive - UBC\Desktop\Apps\UBC\ELEC 291\Lab 5\Period\PeriodEFM8.c:222: void main (void) 
0273           1078   ;        -----------------------------------------
0273           1079   ;         function main
0273           1080   ;        -----------------------------------------
0273           1081   _main:
0273           1082   ;        C:\Users\241pr\OneDrive - UBC\Desktop\Apps\UBC\ELEC 291\Lab 5\Period\PeriodEFM8.c:229: TIMER0_Init();
0273 120000    1083            lcall   _TIMER0_Init
0276           1084   ;        C:\Users\241pr\OneDrive - UBC\Desktop\Apps\UBC\ELEC 291\Lab 5\Period\PeriodEFM8.c:231: waitms(500); // Give PuTTY a chance to start.
0276 9001F4    1085            mov     dptr,#0x01F4
0279 120000    1086            lcall   _waitms
027C           1087   ;        C:\Users\241pr\OneDrive - UBC\Desktop\Apps\UBC\ELEC 291\Lab 5\Period\PeriodEFM8.c:232: printf("\x1b[2J"); // Clear screen using ANSI escape sequence.
027C 74C8      1088            mov     a,#__str_0
027E C0E0      1089            push    acc
0280 74B8      1090            mov     a,#(__str_0 >> 8)
0282 C0E0      1091            push    acc
0284 7480      1092            mov     a,#0x80
0286 C0E0      1093            push    acc
0288 120000    1094            lcall   _printf
028B 1581      1095            dec     sp
028D 1581      1096            dec     sp
028F 1581      1097            dec     sp
0291           1098   ;        C:\Users\241pr\OneDrive - UBC\Desktop\Apps\UBC\ELEC 291\Lab 5\Period\PeriodEFM8.c:237: __FILE__, __DATE__, __TIME__);
0291           1099   ;        C:\Users\241pr\OneDrive - UBC\Desktop\Apps\UBC\ELEC 291\Lab 5\Period\PeriodEFM8.c:236: "Compiled: %s, %s\n\n",
0291 7488      1100            mov     a,#__str_4
0293 C0E0      1101            push    acc
0295 74B9      1102            mov     a,#(__str_4 >> 8)
0297 C0E0      1103            push    acc
0299 7480      1104            mov     a,#0x80
029B C0E0      1105            push    acc
029D 74C8      1106            mov     a,#__str_3
029F C0E0      1107            push    acc
02A1 74B9      1108            mov     a,#(__str_3 >> 8)
02A3 C0E0      1109            push    acc
02A5 7480      1110            mov     a,#0x80
02A7 C0E0      1111            push    acc
02A9 7408      1112            mov     a,#__str_2
02AB C0E0      1113            push    acc
02AD 74BA      1114            mov     a,#(__str_2 >> 8)
02AF C0E0      1115            push    acc
02B1 7480      1116            mov     a,#0x80
02B3 C0E0      1117            push    acc
02B5 7448      1118            mov     a,#__str_1
02B7 C0E0      1119            push    acc
02B9 74BA      1120            mov     a,#(__str_1 >> 8)
02BB C0E0      1121            push    acc
02BD 7480      1122            mov     a,#0x80
02BF C0E0      1123            push    acc
02C1 120000    1124            lcall   _printf
02C4 E581      1125            mov     a,sp
02C6 24F4      1126            add     a,#0xf4
02C8 F581      1127            mov     sp,a
02CA           1128   ;        C:\Users\241pr\OneDrive - UBC\Desktop\Apps\UBC\ELEC 291\Lab 5\Period\PeriodEFM8.c:239: while (1)
02CA           1129   L013018?:
02CA           1130   ;        C:\Users\241pr\OneDrive - UBC\Desktop\Apps\UBC\ELEC 291\Lab 5\Period\PeriodEFM8.c:242: TL0=0; 
02CA 758A00    1131            mov     _TL0,#0x00
02CD           1132   ;        C:\Users\241pr\OneDrive - UBC\Desktop\Apps\UBC\ELEC 291\Lab 5\Period\PeriodEFM8.c:243: TH0=0;
02CD 758C00    1133            mov     _TH0,#0x00
02D0           1134   ;        C:\Users\241pr\OneDrive - UBC\Desktop\Apps\UBC\ELEC 291\Lab 5\Period\PeriodEFM8.c:244: TF0=0;
02D0 C28D      1135            clr     _TF0
02D2           1136   ;        C:\Users\241pr\OneDrive - UBC\Desktop\Apps\UBC\ELEC 291\Lab 5\Period\PeriodEFM8.c:245: overflow_count=0;
02D2 75E000    1137            mov     _overflow_count,#0x00
02D5           1138   ;        C:\Users\241pr\OneDrive - UBC\Desktop\Apps\UBC\ELEC 291\Lab 5\Period\PeriodEFM8.c:247: while(P0_1!=0); // Wait for the signal to be zero
02D5           1139   L013001?:
02D5 2081C8    1140            jb      _P0_1,L013001?
02D8           1141   ;        C:\Users\241pr\OneDrive - UBC\Desktop\Apps\UBC\ELEC 291\Lab 5\Period\PeriodEFM8.c:248: while(P0_1!=1); // Wait for the signal to be one
02D8           1142   L013004?:
02D8 308108    1143            jnb     _P0_1,L013004?
02DB           1144   ;        C:\Users\241pr\OneDrive - UBC\Desktop\Apps\UBC\ELEC 291\Lab 5\Period\PeriodEFM8.c:249: TR0=1; // Start the timer
02DB D28C      1145            setb    _TR0
02DD           1146   ;        C:\Users\241pr\OneDrive - UBC\Desktop\Apps\UBC\ELEC 291\Lab 5\Period\PeriodEFM8.c:250: while(P0_1!=0) // Wait for the signal to be zero
02DD           1147   L013009?:
02DD 308188    1148            jnb     _P0_1,L013014?
02E0           1149   ;        C:\Users\241pr\OneDrive - UBC\Desktop\Apps\UBC\ELEC 291\Lab 5\Period\PeriodEFM8.c:252: if(TF0==1) // Did the 16-bit timer overflow?
02E0           1150   ;        C:\Users\241pr\OneDrive - UBC\Desktop\Apps\UBC\ELEC 291\Lab 5\Period\PeriodEFM8.c:254: TF0=0;
02E0 108DC8    1151            jbc     _TF0,L013035?
02E3 8000      1152            sjmp    L013009?
02E5           1153   L013035?:
02E5           1154   ;        C:\Users\241pr\OneDrive - UBC\Desktop\Apps\UBC\ELEC 291\Lab 5\Period\PeriodEFM8.c:255: overflow_count++;
02E5 05E0      1155            inc     _overflow_count
02E7           1156   ;        C:\Users\241pr\OneDrive - UBC\Desktop\Apps\UBC\ELEC 291\Lab 5\Period\PeriodEFM8.c:258: while(P0_1!=1) // Wait for the signal to be one
02E7 8000      1157            sjmp    L013009?
02E9           1158   L013014?:
02E9 208108    1159            jb      _P0_1,L013016?
02EC           1160   ;        C:\Users\241pr\OneDrive - UBC\Desktop\Apps\UBC\ELEC 291\Lab 5\Period\PeriodEFM8.c:260: if(TF0==1) // Did the 16-bit timer overflow?
02EC           1161   ;        C:\Users\241pr\OneDrive - UBC\Desktop\Apps\UBC\ELEC 291\Lab 5\Period\PeriodEFM8.c:262: TF0=0;
02EC 108D48    1162            jbc     _TF0,L013037?
02EF 8000      1163            sjmp    L013014?
02F1           1164   L013037?:
02F1           1165   ;        C:\Users\241pr\OneDrive - UBC\Desktop\Apps\UBC\ELEC 291\Lab 5\Period\PeriodEFM8.c:263: overflow_count++;
02F1 05E0      1166            inc     _overflow_count
02F3 8000      1167            sjmp    L013014?
02F5           1168   L013016?:
02F5           1169   ;        C:\Users\241pr\OneDrive - UBC\Desktop\Apps\UBC\ELEC 291\Lab 5\Period\PeriodEFM8.c:266: TR0=0; // Stop timer 0, the 24-bit number [overflow_count-TH0-TL0] has the period!
02F5 C28C      1170            clr     _TR0
02F7           1171   ;        C:\Users\241pr\OneDrive - UBC\Desktop\Apps\UBC\ELEC 291\Lab 5\Period\PeriodEFM8.c:267: period=(overflow_count*65536.0+TH0*256.0+TL0)*(12.0/SYSCLK);
02F7 85E082    1172            mov     dpl,_overflow_count
02FA 120000    1173            lcall   ___uchar2fs
02FD AA82      1174            mov     r2,dpl
02FF AB83      1175            mov     r3,dph
0301 ACF0      1176            mov     r4,b
0303 FD        1177            mov     r5,a
0304 C002      1178            push    ar2
0306 C003      1179            push    ar3
0308 C004      1180            push    ar4
030A C005      1181            push    ar5
030C 900000    1182            mov     dptr,#0x0000
030F 75F080    1183            mov     b,#0x80
0312 7447      1184            mov     a,#0x47
0314 120000    1185            lcall   ___fsmul
0317 AA82      1186            mov     r2,dpl
0319 AB83      1187            mov     r3,dph
031B ACF0      1188            mov     r4,b
031D FD        1189            mov     r5,a
031E E581      1190            mov     a,sp
0320 24FC      1191            add     a,#0xfc
0322 F581      1192            mov     sp,a
0324 858C82    1193            mov     dpl,_TH0
0327 C002      1194            push    ar2
0329 C003      1195            push    ar3
032B C004      1196            push    ar4
032D C005      1197            push    ar5
032F 120000    1198            lcall   ___uchar2fs
0332 AE82      1199            mov     r6,dpl
0334 AF83      1200            mov     r7,dph
0336 A8F0      1201            mov     r0,b
0338 F9        1202            mov     r1,a
0339 C006      1203            push    ar6
033B C007      1204            push    ar7
033D C000      1205            push    ar0
033F C001      1206            push    ar1
0341 900000    1207            mov     dptr,#0x0000
0344 75F080    1208            mov     b,#0x80
0347 7443      1209            mov     a,#0x43
0349 120000    1210            lcall   ___fsmul
034C AE82      1211            mov     r6,dpl
034E AF83      1212            mov     r7,dph
0350 A8F0      1213            mov     r0,b
0352 F9        1214            mov     r1,a
0353 E581      1215            mov     a,sp
0355 24FC      1216            add     a,#0xfc
0357 F581      1217            mov     sp,a
0359 D005      1218            pop     ar5
035B D004      1219            pop     ar4
035D D003      1220            pop     ar3
035F D002      1221            pop     ar2
0361 C006      1222            push    ar6
0363 C007      1223            push    ar7
0365 C000      1224            push    ar0
0367 C001      1225            push    ar1
0369 8A82      1226            mov     dpl,r2
036B 8B83      1227            mov     dph,r3
036D 8CF0      1228            mov     b,r4
036F ED        1229            mov     a,r5
0370 120000    1230            lcall   ___fsadd
0373 AA82      1231            mov     r2,dpl
0375 AB83      1232            mov     r3,dph
0377 ACF0      1233            mov     r4,b
0379 FD        1234            mov     r5,a
037A E581      1235            mov     a,sp
037C 24FC      1236            add     a,#0xfc
037E F581      1237            mov     sp,a
0380 AE8A      1238            mov     r6,_TL0
0382 7F00      1239            mov     r7,#0x00
0384 8E82      1240            mov     dpl,r6
0386 8F83      1241            mov     dph,r7
0388 C002      1242            push    ar2
038A C003      1243            push    ar3
038C C004      1244            push    ar4
038E C005      1245            push    ar5
0390 120000    1246            lcall   ___sint2fs
0393 AE82      1247            mov     r6,dpl
0395 AF83      1248            mov     r7,dph
0397 A8F0      1249            mov     r0,b
0399 F9        1250            mov     r1,a
039A D005      1251            pop     ar5
039C D004      1252            pop     ar4
039E D003      1253            pop     ar3
03A0 D002      1254            pop     ar2
03A2 C006      1255            push    ar6
03A4 C007      1256            push    ar7
03A6 C000      1257            push    ar0
03A8 C001      1258            push    ar1
03AA 8A82      1259            mov     dpl,r2
03AC 8B83      1260            mov     dph,r3
03AE 8CF0      1261            mov     b,r4
03B0 ED        1262            mov     a,r5
03B1 120000    1263            lcall   ___fsadd
03B4 AA82      1264            mov     r2,dpl
03B6 AB83      1265            mov     r3,dph
03B8 ACF0      1266            mov     r4,b
03BA FD        1267            mov     r5,a
03BB E581      1268            mov     a,sp
03BD 24FC      1269            add     a,#0xfc
03BF F581      1270            mov     sp,a
03C1 C002      1271            push    ar2
03C3 C003      1272            push    ar3
03C5 C004      1273            push    ar4
03C7 C005      1274            push    ar5
03C9 90F4FC    1275            mov     dptr,#0xF4FC
03CC 75F032    1276            mov     b,#0x32
03CF 7434      1277            mov     a,#0x34
03D1 120000    1278            lcall   ___fsmul
03D4 AA82      1279            mov     r2,dpl
03D6 AB83      1280            mov     r3,dph
03D8 ACF0      1281            mov     r4,b
03DA FD        1282            mov     r5,a
03DB E581      1283            mov     a,sp
03DD 24FC      1284            add     a,#0xfc
03DF F581      1285            mov     sp,a
03E1           1286   ;        C:\Users\241pr\OneDrive - UBC\Desktop\Apps\UBC\ELEC 291\Lab 5\Period\PeriodEFM8.c:269: printf( "\rT=%f ms    ", period*1000.0);
03E1 C002      1287            push    ar2
03E3 C003      1288            push    ar3
03E5 C004      1289            push    ar4
03E7 C005      1290            push    ar5
03E9 C002      1291            push    ar2
03EB C003      1292            push    ar3
03ED C004      1293            push    ar4
03EF C005      1294            push    ar5
03F1 900000    1295            mov     dptr,#0x0000
03F4 75F07A    1296            mov     b,#0x7A
03F7 7444      1297            mov     a,#0x44
03F9 120000    1298            lcall   ___fsmul
03FC AE82      1299            mov     r6,dpl
03FE AF83      1300            mov     r7,dph
0400 A8F0      1301            mov     r0,b
0402 F9        1302            mov     r1,a
0403 E581      1303            mov     a,sp
0405 24FC      1304            add     a,#0xfc
0407 F581      1305            mov     sp,a
0409 C006      1306            push    ar6
040B C007      1307            push    ar7
040D C000      1308            push    ar0
040F C001      1309            push    ar1
0411 7488      1310            mov     a,#__str_5
0413 C0E0      1311            push    acc
0415 74BD      1312            mov     a,#(__str_5 >> 8)
0417 C0E0      1313            push    acc
0419 7480      1314            mov     a,#0x80
041B C0E0      1315            push    acc
041D 120000    1316            lcall   _printf
0420 E581      1317            mov     a,sp
0422 24F9      1318            add     a,#0xf9
0424 F581      1319            mov     sp,a
0426           1320   ;        C:\Users\241pr\OneDrive - UBC\Desktop\Apps\UBC\ELEC 291\Lab 5\Period\PeriodEFM8.c:270: sprintf(buff,"%.4f",period*1000.0);
0426 900000    1321            mov     dptr,#0x0000
0429 75F07A    1322            mov     b,#0x7A
042C 7444      1323            mov     a,#0x44
042E 120000    1324            lcall   ___fsmul
0431 AA82      1325            mov     r2,dpl
0433 AB83      1326            mov     r3,dph
0435 ACF0      1327            mov     r4,b
0437 FD        1328            mov     r5,a
0438 E581      1329            mov     a,sp
043A 24FC      1330            add     a,#0xfc
043C F581      1331            mov     sp,a
043E C002      1332            push    ar2
0440 C003      1333            push    ar3
0442 C004      1334            push    ar4
0444 C005      1335            push    ar5
0446 C002      1336            push    ar2
0448 C003      1337            push    ar3
044A C004      1338            push    ar4
044C C005      1339            push    ar5
044E 74C8      1340            mov     a,#__str_6
0450 C0E0      1341            push    acc
0452 74BD      1342            mov     a,#(__str_6 >> 8)
0454 C0E0      1343            push    acc
0456 7480      1344            mov     a,#0x80
0458 C0E0      1345            push    acc
045A 7488      1346            mov     a,#_main_buff_1_51
045C C0E0      1347            push    acc
045E 74B1      1348            mov     a,#(_main_buff_1_51 >> 8)
0460 C0E0      1349            push    acc
0462 7440      1350            mov     a,#0x40
0464 C0E0      1351            push    acc
0466 120000    1352            lcall   _sprintf
0469 E581      1353            mov     a,sp
046B 24F6      1354            add     a,#0xf6
046D F581      1355            mov     sp,a
046F           1356   ;        C:\Users\241pr\OneDrive - UBC\Desktop\Apps\UBC\ELEC 291\Lab 5\Period\PeriodEFM8.c:271: LCDprint(buff, 2, 1);
046F 75A002    1357            mov     _LCDprint_PARM_2,#0x02
0472 D210      1358            setb    _LCDprint_PARM_3
0474 90B188    1359            mov     dptr,#_main_buff_1_51
0477 75F040    1360            mov     b,#0x40
047A 120000    1361            lcall   _LCDprint
047D           1362   ;        C:\Users\241pr\OneDrive - UBC\Desktop\Apps\UBC\ELEC 291\Lab 5\Period\PeriodEFM8.c:272: printf("C = %g nF", period*1000);
047D 7448      1363            mov     a,#__str_7
047F C0E0      1364            push    acc
0481 74BE      1365            mov     a,#(__str_7 >> 8)
0483 C0E0      1366            push    acc
0485 7480      1367            mov     a,#0x80
0487 C0E0      1368            push    acc
0489 120000    1369            lcall   _printf
048C E581      1370            mov     a,sp
048E 24F9      1371            add     a,#0xf9
0490 F581      1372            mov     sp,a
0492           1373   ;        C:\Users\241pr\OneDrive - UBC\Desktop\Apps\UBC\ELEC 291\Lab 5\Period\PeriodEFM8.c:273: printf("\x1b[0K");       
0492 7488      1374            mov     a,#__str_8
0494 C0E0      1375            push    acc
0496 74BE      1376            mov     a,#(__str_8 >> 8)
0498 C0E0      1377            push    acc
049A 7480      1378            mov     a,#0x80
049C C0E0      1379            push    acc
049E 120000    1380            lcall   _printf
04A1 1581      1381            dec     sp
04A3 1581      1382            dec     sp
04A5 1581      1383            dec     sp
04A7 020000    1384            ljmp    L013018?
04AA           1385            rseg R_CSEG
04AA           1386   
0000           1387            rseg R_XINIT
0000           1388   
0000           1389            rseg R_CONST
0000           1390   __str_0:
0000 1B        1391            db 0x1B
0001 5B324A    1392            db '[2J'
0004 00        1393            db 0x00
0005           1394   __str_1:
0005 45464D38  1395            db 'EFM8 Period measurement at pin P0.1 using Timer 0.'
     20506572
     696F6420
     6D656173
     7572656D
     656E7420
     61742070
     696E2050
     302E3120
     7573696E
     67205469
     6D657220
     302E
0037 0A        1396            db 0x0A
0038 46696C65  1397            db 'File: %s'
     3A202573
0040 0A        1398            db 0x0A
0041 436F6D70  1399            db 'Compiled: %s, %s'
     696C6564
     3A202573
     2C202573
0051 0A        1400            db 0x0A
0052 0A        1401            db 0x0A
0053 00        1402            db 0x00
0054           1403   __str_2:
0054 433A      1404            db 'C:'
0056 5C        1405            db 0x5C
0057 55736572  1406            db 'Users'
     73
005C 5C        1407            db 0x5C
005D 32343170  1408            db '241pr'
     72
0062 5C        1409            db 0x5C
0063 4F6E6544  1410            db 'OneDrive - UBC'
     72697665
     202D2055
     4243
0071 5C        1411            db 0x5C
0072 4465736B  1412            db 'Desktop'
     746F70
0079 5C        1413            db 0x5C
007A 41707073  1414            db 'Apps'
007E 5C        1415            db 0x5C
007F 554243    1416            db 'UBC'
0082 5C        1417            db 0x5C
0083 454C4543  1418            db 'ELEC 291'
     20323931
008B 5C        1419            db 0x5C
008C 4C616220  1420            db 'Lab '
0090 35        1421            db '5'
0091 5C        1422            db 0x5C
0092 50657269  1423            db 'Period'
     6F64
0098 5C        1424            db 0x5C
0099 50657269  1425            db 'PeriodEFM8.c'
     6F644546
     4D382E63
00A5 00        1426            db 0x00
00A6           1427   __str_3:
00A6 4D617220  1428            db 'Mar 22 2023'
     32322032
     303233
00B1 00        1429            db 0x00
00B2           1430   __str_4:
00B2 31333A31  1431            db '13:18:03'
     383A3033
00BA 00        1432            db 0x00
00BB           1433   __str_5:
00BB 0D        1434            db 0x0D
00BC 543D2566  1435            db 'T=%f ms    '
     206D7320
     202020
00C7 00        1436            db 0x00
00C8           1437   __str_6:
00C8 252E3466  1438            db '%.4f'
00CC 00        1439            db 0x00
00CD           1440   __str_7:
00CD 43203D20  1441            db 'C = %g nF'
     2567206E
     46
00D6 00        1442            db 0x00
00D7           1443   __str_8:
00D7 1B        1444            db 0x1B
00D8 5B304B    1445            db '[0K'
00DB 00        1446            db 0x00
00DC           1447   
0003           1448            CSEG
0003           1449   
0003           1450   end
